[2022-06-23T21:15:22.283] [WARN] fileWarn - Acceso a página inexistente: /api/infoasdas
[2022-06-23T21:15:25.377] [WARN] fileWarn - Acceso a página inexistente: /api/infoasdas
[2022-06-23T21:15:49.452] [WARN] fileWarn - Acceso a página inexistente: /api/infoasdas
[2022-06-23T21:15:51.737] [WARN] fileWarn - Acceso a página inexistente: /api/infoasdas
[2022-06-23T21:16:50.963] [WARN] all - Acceso a página inexistente: /api/infoasdas
[2022-06-23T21:26:07.852] [WARN] all - Acceso a página inexistente:
[2022-06-23T21:26:29.111] [WARN] all - Acceso a página inexistente:
[2022-06-23T21:27:16.473] [WARN] all - Acceso a página inexistente:
[2022-06-23T21:27:34.451] [WARN] all - Acceso a página inexistente:
[2022-06-23T21:28:09.079] [WARN] all - Acceso a página inexistente:
[2022-06-23T21:29:28.122] [WARN] all - Acceso a página inexistente:
[2022-06-23T21:34:44.295] [WARN] all - Acceso a elemento inexistente
[2022-06-23T21:35:31.944] [WARN] all - Acceso a elemento inexistente
[2022-06-23T21:36:18.695] [WARN] all - Acceso a elemento inexistente
[2022-06-23T21:36:43.238] [WARN] all - Acceso a elemento inexistente
[2022-06-23T21:39:13.116] [WARN] all - Acceso a elemento inexistente
[2022-06-23T21:39:41.340] [WARN] all - Acceso a elemento inexistente
[2022-06-23T21:42:31.436] [WARN] all - Acceso a elemento inexistente
[2022-06-23T21:43:46.673] [WARN] all - Acceso a elemento inexistente
[2022-06-23T21:44:12.999] [WARN] all - Acceso a elemento inexistente
[2022-06-23T21:47:13.513] [WARN] all - Acceso a elemento inexistente
[2022-06-23T21:48:10.232] [WARN] all - Acceso a elemento inexistente
[2022-06-23T21:48:23.386] [WARN] all - Acceso a elemento inexistente
[2022-06-23T21:48:23.902] [WARN] all - Acceso a elemento inexistente
[2022-06-23T21:48:29.648] [WARN] all - Acceso a elemento inexistente
[2022-06-23T21:48:30.237] [WARN] all - Acceso a elemento inexistente
[2022-06-23T21:49:41.714] [WARN] all - Acceso a elemento inexistente
[2022-06-23T21:50:05.350] [WARN] all - Acceso a elemento inexistente
[2022-06-23T21:50:05.688] [WARN] all - Acceso a elemento inexistente
[2022-06-23T21:51:08.859] [WARN] all - Acceso a elemento inexistente
[2022-06-23T21:51:20.843] [WARN] all - Acceso a elemento inexistente
[2022-06-23T21:51:53.176] [WARN] all - Acceso a elemento inexistente
[2022-06-23T21:52:40.245] [WARN] all - Acceso a elemento inexistente
[2022-06-23T21:52:40.580] [WARN] all - Acceso a elemento inexistente
[2022-06-23T22:19:29.116] [WARN] all - Acceso a elemento inexistente
[2022-06-23T22:20:54.181] [WARN] all - Acceso a elemento inexistente
[2022-06-23T22:27:37.055] [WARN] all - Acceso a elemento inexistente
[2022-06-23T22:35:19.956] [WARN] all - Acceso a elemento inexistente
[2022-06-23T22:35:45.919] [WARN] all - Acceso a elemento inexistente
[2022-06-23T22:36:22.411] [WARN] all - Acceso a elemento inexistente
[2022-06-23T22:36:38.411] [WARN] all - Acceso a elemento inexistente
[2022-06-23T22:42:50.852] [WARN] all - Acceso a elemento inexistente
[2022-06-23T22:42:52.260] [WARN] all - Acceso a elemento inexistente
[2022-06-23T22:43:15.789] [ERROR] all - Acceso a elemento inexistente
[2022-06-23T22:44:28.288] [ERROR] all - Error al acceder a un elemento inexistente
[2022-06-23T22:45:17.527] [ERROR] all - Error al acceder a un elemento inexistente
[2022-06-23T22:45:51.368] [ERROR] all - Error al acceder a un elemento inexistente
[2022-06-23T22:47:14.571] [ERROR] all - Error al acceder a un producto inexistente. ID: 626f13c15cbf724f335b8794
[2022-06-23T22:58:08.829] [WARN] fileWarn - Acceso a página inexistente: /api/productossss
[2022-06-24T22:13:21.515] [WARN] fileWarn - Acceso a página inexistente: /favicon.ico
[2022-06-30T19:24:08.521] [WARN] fileWarn - Acceso a página inexistente: 
[2022-06-30T19:24:08.695] [WARN] fileWarn - Acceso a página inexistente: /favicon.ico
[2022-06-30T19:32:49.407] [WARN] fileWarn - Acceso a página inexistente: /styles/css/styles.css
[2022-06-30T19:32:49.510] [WARN] fileWarn - Acceso a página inexistente: /favicon.ico
[2022-06-30T19:33:11.172] [WARN] fileWarn - Acceso a página inexistente: /styles/css/styles.css
[2022-06-30T19:33:11.260] [WARN] fileWarn - Acceso a página inexistente: /favicon.ico
[2022-06-30T19:34:03.872] [WARN] fileWarn - Acceso a página inexistente: /styles/css/styles.css
[2022-06-30T19:34:03.962] [WARN] fileWarn - Acceso a página inexistente: /favicon.ico
[2022-06-30T19:34:25.816] [WARN] fileWarn - Acceso a página inexistente: /styles/css/styles.css
[2022-06-30T19:34:25.897] [WARN] fileWarn - Acceso a página inexistente: /favicon.ico
[2022-06-30T19:34:46.848] [WARN] fileWarn - Acceso a página inexistente: /styles/css/styles.css
[2022-06-30T19:35:43.796] [WARN] fileWarn - Acceso a página inexistente: /favicon.ico
[2022-07-04T20:43:05.345] [WARN] fileWarn - Acceso a página inexistente: /favicon.ico
[2022-07-04T20:43:12.851] [WARN] fileWarn - Acceso a página inexistente: /api/contacto
[2022-07-04T20:44:31.121] [WARN] fileWarn - Acceso a página inexistente: /api/contacto
[2022-07-04T20:51:25.607] [WARN] fileWarn - Acceso a página inexistente: /api/contacto
[2022-07-04T20:52:04.131] [WARN] fileWarn - Acceso a página inexistente: /favicon.ico
[2022-07-04T21:43:05.459] [WARN] fileWarn - Acceso a página inexistente: /HNAP1
[2022-07-04T22:04:02.860] [WARN] fileWarn - Acceso a página inexistente: /favicon.ico
[2022-07-05T18:58:49.463] [WARN] fileWarn - Acceso a página inexistente: /favicon.ico
[2022-07-05T19:01:08.338] [WARN] fileWarn - Acceso a página inexistente: /favicon.ico
[2022-07-05T19:05:26.315] [WARN] fileWarn - Acceso a página inexistente: /favicon.ico
[2022-07-05T19:06:08.524] [WARN] fileWarn - Acceso a página inexistente: /favicon.ico
[2022-07-05T19:06:18.442] [WARN] fileWarn - Acceso a página inexistente: /favicon.ico
[2022-07-05T19:06:34.039] [WARN] fileWarn - Acceso a página inexistente: /favicon.ico
[2022-07-05T19:06:34.938] [WARN] fileWarn - Acceso a página inexistente: /favicon.ico
[2022-07-05T19:06:56.346] [WARN] fileWarn - Acceso a página inexistente: /favicon.ico
[2022-07-05T19:07:00.026] [WARN] fileWarn - Acceso a página inexistente: /favicon.ico
[2022-07-05T19:07:18.512] [WARN] fileWarn - Acceso a página inexistente: /favicon.ico
[2022-07-05T19:07:55.711] [WARN] fileWarn - Acceso a página inexistente: /favicon.ico
[2022-07-05T19:08:18.949] [WARN] fileWarn - Acceso a página inexistente: /favicon.ico
[2022-07-05T19:11:52.618] [WARN] fileWarn - Acceso a página inexistente: /favicon.ico
[2022-07-05T19:11:57.209] [WARN] fileWarn - Acceso a página inexistente: /favicon.ico
[2022-07-05T19:12:19.400] [WARN] fileWarn - Acceso a página inexistente: /favicon.ico
[2022-07-05T19:15:41.193] [WARN] fileWarn - Acceso a página inexistente: /favicon.ico
[2022-07-09T19:56:02.160] [WARN] fileWarn - Acceso a página inexistente: /favicon.ico
[2022-07-09T23:35:04.712] [WARN] fileWarn - Acceso a página inexistente: /HNAP1
[2022-07-10T20:38:59.381] [WARN] fileWarn - Acceso a página inexistente: /favicon.ico
[2022-07-10T21:06:04.545] [WARN] fileWarn - Acceso a página inexistente: /api/www.foto.com
[2022-07-10T23:15:31.153] [WARN] fileWarn - Acceso a página inexistente: /api/post
[2022-07-10T23:38:27.087] [WARN] fileWarn - Acceso a página inexistente: /public/styles/css/styles.css
[2022-07-10T23:38:33.551] [WARN] fileWarn - Acceso a página inexistente: /HNAP1
[2022-07-10T23:48:48.375] [WARN] fileWarn - Acceso a página inexistente: /api/cargar-productos
[2022-07-10T23:49:00.881] [WARN] fileWarn - Acceso a página inexistente: /public/styles/css/styles.css
[2022-07-10T23:49:14.398] [WARN] fileWarn - Acceso a página inexistente: /public/styles/css/styles.css
[2022-07-10T23:50:13.772] [WARN] fileWarn - Acceso a página inexistente: /public/styles/css/styles.css
[2022-07-10T23:52:31.176] [WARN] fileWarn - Acceso a página inexistente: /public/styles/css/styles.css
[2022-07-10T23:53:41.889] [WARN] fileWarn - Acceso a página inexistente: /public/styles/css/styles.css
[2022-07-11T21:27:20.779] [WARN] fileWarn - Acceso a página inexistente: /api/cart
[2022-07-11T21:27:23.253] [WARN] fileWarn - Acceso a página inexistente: /api/carts
[2022-07-11T22:53:04.182] [WARN] fileWarn - Acceso a página inexistente: /api/carrito/api/carrito
[2022-07-11T22:53:04.522] [WARN] fileWarn - Acceso a página inexistente: /favicon.ico
[2022-07-11T22:53:06.809] [WARN] fileWarn - Acceso a página inexistente: /favicon.ico
[2022-07-11T22:53:12.358] [WARN] fileWarn - Acceso a página inexistente: /api/carrito/api/carrito
[2022-07-11T22:53:18.561] [WARN] fileWarn - Acceso a página inexistente: /api/carrito/api/carrito
[2022-07-11T22:53:20.268] [WARN] fileWarn - Acceso a página inexistente: /api/carrito/api/carrito
[2022-07-11T22:53:34.538] [WARN] fileWarn - Acceso a página inexistente: /api/carrito/api/carrito
[2022-07-11T22:53:39.362] [WARN] fileWarn - Acceso a página inexistente: /api
[2022-07-11T23:41:59.727] [WARN] fileWarn - Acceso a página inexistente: /HNAP1
[2022-07-12T01:06:13.337] [WARN] fileWarn - Acceso a página inexistente: /HNAP1
[2022-07-12T18:43:23.417] [WARN] fileWarn - Acceso a página inexistente: /api/tienda/1
[2022-07-12T18:44:28.276] [WARN] fileWarn - Acceso a página inexistente: /api/tienda
[2022-07-12T19:04:10.669] [WARN] fileWarn - Acceso a página inexistente: /api/tienda
[2022-07-12T19:05:16.102] [WARN] fileWarn - Acceso a página inexistente: /api/tienda/1
[2022-07-12T19:05:28.487] [WARN] fileWarn - Acceso a página inexistente: /api/tienda
[2022-07-12T19:06:28.972] [WARN] fileWarn - Acceso a página inexistente: /api/tienda
[2022-07-12T19:07:50.316] [WARN] fileWarn - Acceso a página inexistente: /api/tienda
[2022-07-12T19:09:32.303] [WARN] fileWarn - Acceso a página inexistente: /api/tienda
[2022-07-12T20:11:48.437] [WARN] fileWarn - Acceso a página inexistente: /api/carrito/api/carrito
[2022-07-12T20:11:59.484] [WARN] fileWarn - Acceso a página inexistente: /api/carrito/api/carrito
[2022-07-12T20:13:48.384] [WARN] fileWarn - Acceso a página inexistente: /api/carrito/api/carrito
[2022-07-12T20:14:28.059] [WARN] fileWarn - Acceso a página inexistente: /carrito
[2022-07-12T21:04:00.377] [WARN] fileWarn - Acceso a página inexistente: /carrito/1
[2022-07-12T21:04:11.330] [WARN] fileWarn - Acceso a página inexistente: /api/carrito/api/carrito/1
[2022-07-12T21:26:02.798] [WARN] fileWarn - Acceso a página inexistente: /api/carrito/1/delete/1
[2022-07-12T21:29:32.136] [WARN] fileWarn - Acceso a página inexistente: /api/micarrito/1/delete/1
[2022-07-12T21:49:22.005] [WARN] fileWarn - Acceso a página inexistente: /api/micarrito/productos/1/delete/1
[2022-07-12T21:51:26.985] [WARN] fileWarn - Acceso a página inexistente: /api/micarrito/productos/1/delete/1
